0 info it worked if it ends with ok
1 verbose cli [ '/home/gece/bin/node', '/home/gece/bin/npm', 'install' ]
2 info using npm@1.4.28
3 info using node@v0.10.35
4 verbose readDependencies using package.json deps
5 verbose install where, deps [ '/home/gece/Projects/react-tweets',
5 verbose install   [ 'express',
5 verbose install     'serve-favicon',
5 verbose install     'morgan',
5 verbose install     'cookie-parser',
5 verbose install     'body-parser',
5 verbose install     'debug',
5 verbose install     'jade',
5 verbose install     'grunt',
5 verbose install     'grunt-develop',
5 verbose install     'grunt-contrib-watch',
5 verbose install     'request',
5 verbose install     'time-grunt',
5 verbose install     'load-grunt-tasks' ] ]
6 info preinstall react-tweets@0.0.1
7 verbose readDependencies using package.json deps
8 verbose cache add [ 'express@~4.10.6', null ]
9 verbose cache add name=undefined spec="express@~4.10.6" args=["express@~4.10.6",null]
10 verbose parsed url { protocol: null,
10 verbose parsed url   slashes: null,
10 verbose parsed url   auth: null,
10 verbose parsed url   host: null,
10 verbose parsed url   port: null,
10 verbose parsed url   hostname: null,
10 verbose parsed url   hash: null,
10 verbose parsed url   search: null,
10 verbose parsed url   query: null,
10 verbose parsed url   pathname: 'express@~4.10.6',
10 verbose parsed url   path: 'express@~4.10.6',
10 verbose parsed url   href: 'express@~4.10.6' }
11 verbose cache add [ 'serve-favicon@~2.1.7', null ]
12 verbose cache add name=undefined spec="serve-favicon@~2.1.7" args=["serve-favicon@~2.1.7",null]
13 verbose parsed url { protocol: null,
13 verbose parsed url   slashes: null,
13 verbose parsed url   auth: null,
13 verbose parsed url   host: null,
13 verbose parsed url   port: null,
13 verbose parsed url   hostname: null,
13 verbose parsed url   hash: null,
13 verbose parsed url   search: null,
13 verbose parsed url   query: null,
13 verbose parsed url   pathname: 'serve-favicon@~2.1.7',
13 verbose parsed url   path: 'serve-favicon@~2.1.7',
13 verbose parsed url   href: 'serve-favicon@~2.1.7' }
14 verbose cache add [ 'morgan@~1.5.0', null ]
15 verbose cache add name=undefined spec="morgan@~1.5.0" args=["morgan@~1.5.0",null]
16 verbose parsed url { protocol: null,
16 verbose parsed url   slashes: null,
16 verbose parsed url   auth: null,
16 verbose parsed url   host: null,
16 verbose parsed url   port: null,
16 verbose parsed url   hostname: null,
16 verbose parsed url   hash: null,
16 verbose parsed url   search: null,
16 verbose parsed url   query: null,
16 verbose parsed url   pathname: 'morgan@~1.5.0',
16 verbose parsed url   path: 'morgan@~1.5.0',
16 verbose parsed url   href: 'morgan@~1.5.0' }
17 verbose cache add [ 'cookie-parser@~1.3.3', null ]
18 verbose cache add name=undefined spec="cookie-parser@~1.3.3" args=["cookie-parser@~1.3.3",null]
19 verbose parsed url { protocol: null,
19 verbose parsed url   slashes: null,
19 verbose parsed url   auth: null,
19 verbose parsed url   host: null,
19 verbose parsed url   port: null,
19 verbose parsed url   hostname: null,
19 verbose parsed url   hash: null,
19 verbose parsed url   search: null,
19 verbose parsed url   query: null,
19 verbose parsed url   pathname: 'cookie-parser@~1.3.3',
19 verbose parsed url   path: 'cookie-parser@~1.3.3',
19 verbose parsed url   href: 'cookie-parser@~1.3.3' }
20 verbose cache add [ 'body-parser@~1.10.0', null ]
21 verbose cache add name=undefined spec="body-parser@~1.10.0" args=["body-parser@~1.10.0",null]
22 verbose parsed url { protocol: null,
22 verbose parsed url   slashes: null,
22 verbose parsed url   auth: null,
22 verbose parsed url   host: null,
22 verbose parsed url   port: null,
22 verbose parsed url   hostname: null,
22 verbose parsed url   hash: null,
22 verbose parsed url   search: null,
22 verbose parsed url   query: null,
22 verbose parsed url   pathname: 'body-parser@~1.10.0',
22 verbose parsed url   path: 'body-parser@~1.10.0',
22 verbose parsed url   href: 'body-parser@~1.10.0' }
23 verbose cache add name="express" spec="~4.10.6" args=["express","~4.10.6"]
24 verbose parsed url { protocol: null,
24 verbose parsed url   slashes: null,
24 verbose parsed url   auth: null,
24 verbose parsed url   host: null,
24 verbose parsed url   port: null,
24 verbose parsed url   hostname: null,
24 verbose parsed url   hash: null,
24 verbose parsed url   search: null,
24 verbose parsed url   query: null,
24 verbose parsed url   pathname: '~4.10.6',
24 verbose parsed url   path: '~4.10.6',
24 verbose parsed url   href: '~4.10.6' }
25 verbose addNamed [ 'express', '~4.10.6' ]
26 verbose addNamed [ null, '>=4.10.6-0 <4.11.0-0' ]
27 verbose cache add name="serve-favicon" spec="~2.1.7" args=["serve-favicon","~2.1.7"]
28 verbose parsed url { protocol: null,
28 verbose parsed url   slashes: null,
28 verbose parsed url   auth: null,
28 verbose parsed url   host: null,
28 verbose parsed url   port: null,
28 verbose parsed url   hostname: null,
28 verbose parsed url   hash: null,
28 verbose parsed url   search: null,
28 verbose parsed url   query: null,
28 verbose parsed url   pathname: '~2.1.7',
28 verbose parsed url   path: '~2.1.7',
28 verbose parsed url   href: '~2.1.7' }
29 verbose addNamed [ 'serve-favicon', '~2.1.7' ]
30 verbose addNamed [ null, '>=2.1.7-0 <2.2.0-0' ]
31 verbose cache add name="morgan" spec="~1.5.0" args=["morgan","~1.5.0"]
32 verbose parsed url { protocol: null,
32 verbose parsed url   slashes: null,
32 verbose parsed url   auth: null,
32 verbose parsed url   host: null,
32 verbose parsed url   port: null,
32 verbose parsed url   hostname: null,
32 verbose parsed url   hash: null,
32 verbose parsed url   search: null,
32 verbose parsed url   query: null,
32 verbose parsed url   pathname: '~1.5.0',
32 verbose parsed url   path: '~1.5.0',
32 verbose parsed url   href: '~1.5.0' }
33 verbose addNamed [ 'morgan', '~1.5.0' ]
34 verbose addNamed [ null, '>=1.5.0-0 <1.6.0-0' ]
35 verbose cache add name="cookie-parser" spec="~1.3.3" args=["cookie-parser","~1.3.3"]
36 verbose parsed url { protocol: null,
36 verbose parsed url   slashes: null,
36 verbose parsed url   auth: null,
36 verbose parsed url   host: null,
36 verbose parsed url   port: null,
36 verbose parsed url   hostname: null,
36 verbose parsed url   hash: null,
36 verbose parsed url   search: null,
36 verbose parsed url   query: null,
36 verbose parsed url   pathname: '~1.3.3',
36 verbose parsed url   path: '~1.3.3',
36 verbose parsed url   href: '~1.3.3' }
37 verbose addNamed [ 'cookie-parser', '~1.3.3' ]
38 verbose addNamed [ null, '>=1.3.3-0 <1.4.0-0' ]
39 verbose cache add name="body-parser" spec="~1.10.0" args=["body-parser","~1.10.0"]
40 verbose parsed url { protocol: null,
40 verbose parsed url   slashes: null,
40 verbose parsed url   auth: null,
40 verbose parsed url   host: null,
40 verbose parsed url   port: null,
40 verbose parsed url   hostname: null,
40 verbose parsed url   hash: null,
40 verbose parsed url   search: null,
40 verbose parsed url   query: null,
40 verbose parsed url   pathname: '~1.10.0',
40 verbose parsed url   path: '~1.10.0',
40 verbose parsed url   href: '~1.10.0' }
41 verbose addNamed [ 'body-parser', '~1.10.0' ]
42 verbose addNamed [ null, '>=1.10.0-0 <1.11.0-0' ]
43 verbose cache add [ 'debug@~2.1.0', null ]
44 verbose cache add name=undefined spec="debug@~2.1.0" args=["debug@~2.1.0",null]
45 verbose parsed url { protocol: null,
45 verbose parsed url   slashes: null,
45 verbose parsed url   auth: null,
45 verbose parsed url   host: null,
45 verbose parsed url   port: null,
45 verbose parsed url   hostname: null,
45 verbose parsed url   hash: null,
45 verbose parsed url   search: null,
45 verbose parsed url   query: null,
45 verbose parsed url   pathname: 'debug@~2.1.0',
45 verbose parsed url   path: 'debug@~2.1.0',
45 verbose parsed url   href: 'debug@~2.1.0' }
46 verbose cache add [ 'jade@~1.8.1', null ]
47 verbose cache add name=undefined spec="jade@~1.8.1" args=["jade@~1.8.1",null]
48 verbose parsed url { protocol: null,
48 verbose parsed url   slashes: null,
48 verbose parsed url   auth: null,
48 verbose parsed url   host: null,
48 verbose parsed url   port: null,
48 verbose parsed url   hostname: null,
48 verbose parsed url   hash: null,
48 verbose parsed url   search: null,
48 verbose parsed url   query: null,
48 verbose parsed url   pathname: 'jade@~1.8.1',
48 verbose parsed url   path: 'jade@~1.8.1',
48 verbose parsed url   href: 'jade@~1.8.1' }
49 verbose cache add [ 'grunt@~0.4.5', null ]
50 verbose cache add name=undefined spec="grunt@~0.4.5" args=["grunt@~0.4.5",null]
51 verbose parsed url { protocol: null,
51 verbose parsed url   slashes: null,
51 verbose parsed url   auth: null,
51 verbose parsed url   host: null,
51 verbose parsed url   port: null,
51 verbose parsed url   hostname: null,
51 verbose parsed url   hash: null,
51 verbose parsed url   search: null,
51 verbose parsed url   query: null,
51 verbose parsed url   pathname: 'grunt@~0.4.5',
51 verbose parsed url   path: 'grunt@~0.4.5',
51 verbose parsed url   href: 'grunt@~0.4.5' }
52 verbose cache add [ 'grunt-develop@~0.4.0', null ]
53 verbose cache add name=undefined spec="grunt-develop@~0.4.0" args=["grunt-develop@~0.4.0",null]
54 verbose parsed url { protocol: null,
54 verbose parsed url   slashes: null,
54 verbose parsed url   auth: null,
54 verbose parsed url   host: null,
54 verbose parsed url   port: null,
54 verbose parsed url   hostname: null,
54 verbose parsed url   hash: null,
54 verbose parsed url   search: null,
54 verbose parsed url   query: null,
54 verbose parsed url   pathname: 'grunt-develop@~0.4.0',
54 verbose parsed url   path: 'grunt-develop@~0.4.0',
54 verbose parsed url   href: 'grunt-develop@~0.4.0' }
55 verbose cache add [ 'grunt-contrib-watch@~0.6.1', null ]
56 verbose cache add name=undefined spec="grunt-contrib-watch@~0.6.1" args=["grunt-contrib-watch@~0.6.1",null]
57 verbose parsed url { protocol: null,
57 verbose parsed url   slashes: null,
57 verbose parsed url   auth: null,
57 verbose parsed url   host: null,
57 verbose parsed url   port: null,
57 verbose parsed url   hostname: null,
57 verbose parsed url   hash: null,
57 verbose parsed url   search: null,
57 verbose parsed url   query: null,
57 verbose parsed url   pathname: 'grunt-contrib-watch@~0.6.1',
57 verbose parsed url   path: 'grunt-contrib-watch@~0.6.1',
57 verbose parsed url   href: 'grunt-contrib-watch@~0.6.1' }
58 verbose cache add [ 'request@~2.51.0', null ]
59 verbose cache add name=undefined spec="request@~2.51.0" args=["request@~2.51.0",null]
60 verbose parsed url { protocol: null,
60 verbose parsed url   slashes: null,
60 verbose parsed url   auth: null,
60 verbose parsed url   host: null,
60 verbose parsed url   port: null,
60 verbose parsed url   hostname: null,
60 verbose parsed url   hash: null,
60 verbose parsed url   search: null,
60 verbose parsed url   query: null,
60 verbose parsed url   pathname: 'request@~2.51.0',
60 verbose parsed url   path: 'request@~2.51.0',
60 verbose parsed url   href: 'request@~2.51.0' }
61 verbose cache add [ 'time-grunt@~1.0.0', null ]
62 verbose cache add name=undefined spec="time-grunt@~1.0.0" args=["time-grunt@~1.0.0",null]
63 verbose parsed url { protocol: null,
63 verbose parsed url   slashes: null,
63 verbose parsed url   auth: null,
63 verbose parsed url   host: null,
63 verbose parsed url   port: null,
63 verbose parsed url   hostname: null,
63 verbose parsed url   hash: null,
63 verbose parsed url   search: null,
63 verbose parsed url   query: null,
63 verbose parsed url   pathname: 'time-grunt@~1.0.0',
63 verbose parsed url   path: 'time-grunt@~1.0.0',
63 verbose parsed url   href: 'time-grunt@~1.0.0' }
64 verbose cache add [ 'load-grunt-tasks@~1.0.0', null ]
65 verbose cache add name=undefined spec="load-grunt-tasks@~1.0.0" args=["load-grunt-tasks@~1.0.0",null]
66 verbose parsed url { protocol: null,
66 verbose parsed url   slashes: null,
66 verbose parsed url   auth: null,
66 verbose parsed url   host: null,
66 verbose parsed url   port: null,
66 verbose parsed url   hostname: null,
66 verbose parsed url   hash: null,
66 verbose parsed url   search: null,
66 verbose parsed url   query: null,
66 verbose parsed url   pathname: 'load-grunt-tasks@~1.0.0',
66 verbose parsed url   path: 'load-grunt-tasks@~1.0.0',
66 verbose parsed url   href: 'load-grunt-tasks@~1.0.0' }
67 silly lockFile 2847eb2c-express-4-10-6 express@~4.10.6
68 verbose lock express@~4.10.6 /home/gece/.npm/2847eb2c-express-4-10-6.lock
69 silly lockFile 9b0377b6-serve-favicon-2-1-7 serve-favicon@~2.1.7
70 verbose lock serve-favicon@~2.1.7 /home/gece/.npm/9b0377b6-serve-favicon-2-1-7.lock
71 silly lockFile 7e4ebb12-morgan-1-5-0 morgan@~1.5.0
72 verbose lock morgan@~1.5.0 /home/gece/.npm/7e4ebb12-morgan-1-5-0.lock
73 silly lockFile bf5babd8-cookie-parser-1-3-3 cookie-parser@~1.3.3
74 verbose lock cookie-parser@~1.3.3 /home/gece/.npm/bf5babd8-cookie-parser-1-3-3.lock
75 silly lockFile 73324c1d-body-parser-1-10-0 body-parser@~1.10.0
76 verbose lock body-parser@~1.10.0 /home/gece/.npm/73324c1d-body-parser-1-10-0.lock
77 verbose cache add name="debug" spec="~2.1.0" args=["debug","~2.1.0"]
78 verbose parsed url { protocol: null,
78 verbose parsed url   slashes: null,
78 verbose parsed url   auth: null,
78 verbose parsed url   host: null,
78 verbose parsed url   port: null,
78 verbose parsed url   hostname: null,
78 verbose parsed url   hash: null,
78 verbose parsed url   search: null,
78 verbose parsed url   query: null,
78 verbose parsed url   pathname: '~2.1.0',
78 verbose parsed url   path: '~2.1.0',
78 verbose parsed url   href: '~2.1.0' }
79 verbose addNamed [ 'debug', '~2.1.0' ]
80 verbose addNamed [ null, '>=2.1.0-0 <2.2.0-0' ]
81 silly lockFile 8ab3c2d7-debug-2-1-0 debug@~2.1.0
82 verbose lock debug@~2.1.0 /home/gece/.npm/8ab3c2d7-debug-2-1-0.lock
83 verbose cache add name="jade" spec="~1.8.1" args=["jade","~1.8.1"]
84 verbose parsed url { protocol: null,
84 verbose parsed url   slashes: null,
84 verbose parsed url   auth: null,
84 verbose parsed url   host: null,
84 verbose parsed url   port: null,
84 verbose parsed url   hostname: null,
84 verbose parsed url   hash: null,
84 verbose parsed url   search: null,
84 verbose parsed url   query: null,
84 verbose parsed url   pathname: '~1.8.1',
84 verbose parsed url   path: '~1.8.1',
84 verbose parsed url   href: '~1.8.1' }
85 verbose addNamed [ 'jade', '~1.8.1' ]
86 verbose addNamed [ null, '>=1.8.1-0 <1.9.0-0' ]
87 silly lockFile ebd01200-jade-1-8-1 jade@~1.8.1
88 verbose lock jade@~1.8.1 /home/gece/.npm/ebd01200-jade-1-8-1.lock
89 verbose cache add name="grunt" spec="~0.4.5" args=["grunt","~0.4.5"]
90 verbose parsed url { protocol: null,
90 verbose parsed url   slashes: null,
90 verbose parsed url   auth: null,
90 verbose parsed url   host: null,
90 verbose parsed url   port: null,
90 verbose parsed url   hostname: null,
90 verbose parsed url   hash: null,
90 verbose parsed url   search: null,
90 verbose parsed url   query: null,
90 verbose parsed url   pathname: '~0.4.5',
90 verbose parsed url   path: '~0.4.5',
90 verbose parsed url   href: '~0.4.5' }
91 verbose addNamed [ 'grunt', '~0.4.5' ]
92 verbose addNamed [ null, '>=0.4.5-0 <0.5.0-0' ]
93 silly lockFile 240974bb-grunt-0-4-5 grunt@~0.4.5
94 verbose lock grunt@~0.4.5 /home/gece/.npm/240974bb-grunt-0-4-5.lock
95 verbose cache add name="grunt-develop" spec="~0.4.0" args=["grunt-develop","~0.4.0"]
96 verbose parsed url { protocol: null,
96 verbose parsed url   slashes: null,
96 verbose parsed url   auth: null,
96 verbose parsed url   host: null,
96 verbose parsed url   port: null,
96 verbose parsed url   hostname: null,
96 verbose parsed url   hash: null,
96 verbose parsed url   search: null,
96 verbose parsed url   query: null,
96 verbose parsed url   pathname: '~0.4.0',
96 verbose parsed url   path: '~0.4.0',
96 verbose parsed url   href: '~0.4.0' }
97 verbose addNamed [ 'grunt-develop', '~0.4.0' ]
98 verbose addNamed [ null, '>=0.4.0-0 <0.5.0-0' ]
99 silly lockFile ef499c74-grunt-develop-0-4-0 grunt-develop@~0.4.0
100 verbose lock grunt-develop@~0.4.0 /home/gece/.npm/ef499c74-grunt-develop-0-4-0.lock
101 verbose cache add name="grunt-contrib-watch" spec="~0.6.1" args=["grunt-contrib-watch","~0.6.1"]
102 verbose parsed url { protocol: null,
102 verbose parsed url   slashes: null,
102 verbose parsed url   auth: null,
102 verbose parsed url   host: null,
102 verbose parsed url   port: null,
102 verbose parsed url   hostname: null,
102 verbose parsed url   hash: null,
102 verbose parsed url   search: null,
102 verbose parsed url   query: null,
102 verbose parsed url   pathname: '~0.6.1',
102 verbose parsed url   path: '~0.6.1',
102 verbose parsed url   href: '~0.6.1' }
103 verbose addNamed [ 'grunt-contrib-watch', '~0.6.1' ]
104 verbose addNamed [ null, '>=0.6.1-0 <0.7.0-0' ]
105 silly lockFile 82ce6ec8-grunt-contrib-watch-0-6-1 grunt-contrib-watch@~0.6.1
106 verbose lock grunt-contrib-watch@~0.6.1 /home/gece/.npm/82ce6ec8-grunt-contrib-watch-0-6-1.lock
107 verbose cache add name="request" spec="~2.51.0" args=["request","~2.51.0"]
108 verbose parsed url { protocol: null,
108 verbose parsed url   slashes: null,
108 verbose parsed url   auth: null,
108 verbose parsed url   host: null,
108 verbose parsed url   port: null,
108 verbose parsed url   hostname: null,
108 verbose parsed url   hash: null,
108 verbose parsed url   search: null,
108 verbose parsed url   query: null,
108 verbose parsed url   pathname: '~2.51.0',
108 verbose parsed url   path: '~2.51.0',
108 verbose parsed url   href: '~2.51.0' }
109 verbose addNamed [ 'request', '~2.51.0' ]
110 verbose addNamed [ null, '>=2.51.0-0 <2.52.0-0' ]
111 silly lockFile cffdd4b2-request-2-51-0 request@~2.51.0
112 verbose lock request@~2.51.0 /home/gece/.npm/cffdd4b2-request-2-51-0.lock
113 verbose cache add name="time-grunt" spec="~1.0.0" args=["time-grunt","~1.0.0"]
114 verbose parsed url { protocol: null,
114 verbose parsed url   slashes: null,
114 verbose parsed url   auth: null,
114 verbose parsed url   host: null,
114 verbose parsed url   port: null,
114 verbose parsed url   hostname: null,
114 verbose parsed url   hash: null,
114 verbose parsed url   search: null,
114 verbose parsed url   query: null,
114 verbose parsed url   pathname: '~1.0.0',
114 verbose parsed url   path: '~1.0.0',
114 verbose parsed url   href: '~1.0.0' }
115 verbose addNamed [ 'time-grunt', '~1.0.0' ]
116 verbose addNamed [ null, '>=1.0.0-0 <1.1.0-0' ]
117 silly lockFile 8c04ea80-time-grunt-1-0-0 time-grunt@~1.0.0
118 verbose lock time-grunt@~1.0.0 /home/gece/.npm/8c04ea80-time-grunt-1-0-0.lock
119 verbose cache add name="load-grunt-tasks" spec="~1.0.0" args=["load-grunt-tasks","~1.0.0"]
120 verbose parsed url { protocol: null,
120 verbose parsed url   slashes: null,
120 verbose parsed url   auth: null,
120 verbose parsed url   host: null,
120 verbose parsed url   port: null,
120 verbose parsed url   hostname: null,
120 verbose parsed url   hash: null,
120 verbose parsed url   search: null,
120 verbose parsed url   query: null,
120 verbose parsed url   pathname: '~1.0.0',
120 verbose parsed url   path: '~1.0.0',
120 verbose parsed url   href: '~1.0.0' }
121 verbose addNamed [ 'load-grunt-tasks', '~1.0.0' ]
122 verbose addNamed [ null, '>=1.0.0-0 <1.1.0-0' ]
123 silly lockFile 80c8eff6-load-grunt-tasks-1-0-0 load-grunt-tasks@~1.0.0
124 verbose lock load-grunt-tasks@~1.0.0 /home/gece/.npm/80c8eff6-load-grunt-tasks-1-0-0.lock
125 silly lockFile 2847eb2c-express-4-10-6 express@~4.10.6
126 error Error: Attempt to unlock express@~4.10.6, which hasn't been locked
126 error     at unlock (/home/gece/lib/node_modules/npm/lib/utils/locker.js:44:11)
126 error     at cb (/home/gece/lib/node_modules/npm/lib/cache/add-named.js:32:5)
126 error     at /home/gece/lib/node_modules/npm/lib/cache/add-named.js:41:20
126 error     at /home/gece/lib/node_modules/npm/lib/utils/locker.js:30:7
126 error     at cb (/home/gece/lib/node_modules/npm/node_modules/lockfile/lockfile.js:149:38)
126 error     at /home/gece/lib/node_modules/npm/node_modules/lockfile/lockfile.js:177:38
126 error     at Object.oncomplete (fs.js:108:15)
127 error If you need help, you may report this *entire* log,
127 error including the npm and node versions, at:
127 error     <http://github.com/npm/npm/issues>
128 error System Linux 3.13.0-43-generic
129 error command "/home/gece/bin/node" "/home/gece/bin/npm" "install"
130 error cwd /home/gece/Projects/react-tweets
131 error node -v v0.10.35
132 error npm -v 1.4.28
133 verbose exit [ 1, true ]
